C51 COMPILER V9.56.0.0   74HC595                                                           10/17/2018 20:40:53 PAGE 1   


C51 COMPILER V9.56.0.0, COMPILATION OF MODULE 74HC595
OBJECT MODULE PLACED IN .\Objects\74HC595.obj
COMPILER INVOKED BY: C:\Keil_v5\C51\BIN\C51.EXE 74HC595.c OPTIMIZE(8,SPEED) BROWSE INCDIR(..\51work) DEBUG OBJECTEXTEND 
                    -PRINT(.\Listings\74HC595.lst) TABS(2) OBJECT(.\Objects\74HC595.obj)

line level    source

   1          #include <reg52.h>
   2          #include <intrins.h>
   3          #include "74HC595.h"
   4          
   5          
   6          sbit sck = P2^1;
   7          sbit rck = P2^2;
   8          sbit si  = P2^3;
   9          
  10          
  11          void delay()
  12          {
  13   1        _nop_();
  14   1        _nop_();
  15   1        _nop_();
  16   1        _nop_();
  17   1      }
  18          
  19          void Writ8bit(unsigned char a)
  20          {
  21   1        unsigned char b,i;
  22   1        sck = 0;
  23   1        rck = 0;
  24   1        delay();
  25   1        for (i=0;i<8;i++)
  26   1        {
  27   2          b = a & 0x80;
  28   2          si  = b;
  29   2          sck = 1;
  30   2          delay();
  31   2          a <<= 1;
  32   2          sck = 0;
  33   2          delay();  
  34   2        }
  35   1      }
  36          void display(unsigned char m,unsigned char n)
  37          {
  38   1        Writ8bit(m);
  39   1        Writ8bit(n);
  40   1        Lock();
  41   1      }
  42          void Lock()
  43          {
  44   1        delay();
  45   1        rck = 1;
  46   1        delay();
  47   1        delay();
  48   1        rck = 0;
  49   1        delay();
  50   1      }
  51          //void main()
  52          //{
  53          //  //unsigned char a=0x80;
  54          //  int a[]={0x80,0x40,0x20,0x10,0x08,0x04,0x02,0x01};
C51 COMPILER V9.56.0.0   74HC595                                                           10/17/2018 20:40:53 PAGE 2   

  55          //  char i;
  56          //  while(1)
  57          //  {
  58          //    for(i=0;i<8;i++)
  59          //    {
  60          //      display(a[i]);
  61          //      Delay500ms();
  62          //    }
  63          //  }
  64          //}
  65          
  66          
  67          //void Delay500ms()   //@12.000MHz
  68          //{
  69          //  unsigned char i, j, k;
  70          
  71          //  _nop_();
  72          //  i = 4;
  73          //  j = 205;
  74          //  k = 187;
  75          //  do
  76          //  {
  77          //    do
  78          //    {
  79          //      while (--k);
  80          //    } while (--j);
  81          //  } while (--i);
  82          //}
  83          
  84          
  85          
  86          /*******************************************************************************
  87          * 函数名         : Delay10ms
  88          * 函数功能                   : 延时函数，延时10ms
  89          * 输入           : c
  90          * 输出                  : 无
  91          *******************************************************************************/
  92          void Delay10ms(unsigned int c)    //误差 0us
  93          {
  94   1        unsigned char a,b;
  95   1        for(;c>0;c--)
  96   1        for(b=38;b>0;b--)
  97   1        for(a=130;a>0;a--);
  98   1      }
  99          


MODULE INFORMATION:   STATIC OVERLAYABLE
   CODE SIZE        =     95    ----
   CONSTANT SIZE    =   ----    ----
   XDATA SIZE       =   ----    ----
   PDATA SIZE       =   ----    ----
   DATA SIZE        =   ----    ----
   IDATA SIZE       =   ----    ----
   BIT SIZE         =   ----    ----
END OF MODULE INFORMATION.


C51 COMPILATION COMPLETE.  0 WARNING(S),  0 ERROR(S)
